# JRE version: Java(TM) SE Runtime Environment 18.9 (11.0.13+10) (build 11.0.13+10-LTS-370)
# Java VM: Java HotSpot(TM) 64-Bit Server VM 18.9 (11.0.13+10-LTS-370, mixed mode, tiered, compressed oops, g1 gc, bsd-amd64)
Heap:
 garbage-first heap   total 78848K, used 52861K [0x0000000780000000, 0x0000000800000000)
  region size 1024K, 31 young (31744K), 0 survivors (0K)
 Metaspace       used 59993K, capacity 62515K, committed 62896K, reserved 1103872K
  class space    used 7877K, capacity 8840K, committed 8960K, reserved 1048576K
GC Heap History (10 events):
Event: 1690.500 GC heap before
{Heap before GC invocations=29 (full 4):
 garbage-first heap   total 81920K, used 61836K [0x0000000780000000, 0x0000000800000000)
  region size 1024K, 39 young (39936K), 3 survivors (3072K)
 Metaspace       used 59608K, capacity 61921K, committed 62256K, reserved 1103872K
  class space    used 7834K, capacity 8711K, committed 8832K, reserved 1048576K
}
Event: 1690.502 GC heap after
{Heap after GC invocations=30 (full 4):
 garbage-first heap   total 81920K, used 25710K [0x0000000780000000, 0x0000000800000000)
  region size 1024K, 3 young (3072K), 3 survivors (3072K)
 Metaspace       used 59608K, capacity 61921K, committed 62256K, reserved 1103872K
  class space    used 7834K, capacity 8711K, committed 8832K, reserved 1048576K
}
Event: 1716.533 GC heap before
{Heap before GC invocations=30 (full 4):
 garbage-first heap   total 81920K, used 53358K [0x0000000780000000, 0x0000000800000000)
  region size 1024K, 31 young (31744K), 3 survivors (3072K)
 Metaspace       used 59757K, capacity 62096K, committed 62256K, reserved 1103872K
  class space    used 7845K, capacity 8748K, committed 8832K, reserved 1048576K
}
Event: 1716.606 GC heap after
{Heap after GC invocations=31 (full 5):
 garbage-first heap   total 78848K, used 21955K [0x0000000780000000, 0x0000000800000000)
  region size 1024K, 0 young (0K), 0 survivors (0K)
 Metaspace       used 59755K, capacity 62090K, committed 62256K, reserved 1103872K
  class space    used 7845K, capacity 8746K, committed 8832K, reserved 1048576K
}
Event: 1716.973 GC heap before
{Heap before GC invocations=31 (full 5):
 garbage-first heap   total 78848K, used 61891K [0x0000000780000000, 0x0000000800000000)
  region size 1024K, 40 young (40960K), 0 survivors (0K)
 Metaspace       used 59811K, capacity 62223K, committed 62512K, reserved 1103872K
  class space    used 7857K, capacity 8764K, committed 8832K, reserved 1048576K
}
Event: 1716.975 GC heap after
{Heap after GC invocations=32 (full 5):
 garbage-first heap   total 78848K, used 24379K [0x0000000780000000, 0x0000000800000000)
  region size 1024K, 3 young (3072K), 3 survivors (3072K)
 Metaspace       used 59811K, capacity 62223K, committed 62512K, reserved 1103872K
  class space    used 7857K, capacity 8764K, committed 8832K, reserved 1048576K
}
Event: 1717.008 GC heap before
{Heap before GC invocations=32 (full 5):
 garbage-first heap   total 78848K, used 61243K [0x0000000780000000, 0x0000000800000000)
  region size 1024K, 40 young (40960K), 3 survivors (3072K)
 Metaspace       used 59811K, capacity 62223K, committed 62512K, reserved 1103872K
  class space    used 7857K, capacity 8764K, committed 8832K, reserved 1048576K
}
Event: 1717.010 GC heap after
{Heap after GC invocations=33 (full 5):
 garbage-first heap   total 78848K, used 24381K [0x0000000780000000, 0x0000000800000000)
  region size 1024K, 3 young (3072K), 3 survivors (3072K)
 Metaspace       used 59811K, capacity 62223K, committed 62512K, reserved 1103872K
  class space    used 7857K, capacity 8764K, committed 8832K, reserved 1048576K
}
Event: 1734.942 GC heap before
{Heap before GC invocations=33 (full 5):
 garbage-first heap   total 78848K, used 49981K [0x0000000780000000, 0x0000000800000000)
  region size 1024K, 29 young (29696K), 3 survivors (3072K)
 Metaspace       used 59962K, capacity 62401K, committed 62512K, reserved 1103872K
  class space    used 7869K, capacity 8802K, committed 8832K, reserved 1048576K
}
Event: 1735.026 GC heap after
{Heap after GC invocations=34 (full 6):
 garbage-first heap   total 78848K, used 22141K [0x0000000780000000, 0x0000000800000000)
  region size 1024K, 0 young (0K), 0 survivors (0K)
 Metaspace       used 59960K, capacity 62395K, committed 62512K, reserved 1103872K
  class space    used 7868K, capacity 8800K, committed 8832K, reserved 1048576K
}

